<?xml version="1.0" encoding="utf-8"?>

<!-- 
	Configuration options for testing testapprewrite with JUnit.
 -->
<application xmlns:config="http://www.top-logic.com/ns/config/6.0">
	<configs>
	</configs>
</application>