<?xml version="1.0" encoding="utf-8" ?>

<template>
	<params>
		<param name="p1" />
		<param name="p2" />
	</params>
	
	<component class="A"/>
</template>