<?xml version="1.0" encoding="utf-8" ?>

<include name="test.com.top_logic.layout.processor.TestLayoutInline/test-D1-template.xml">
	<dialogs>
		<include name="test.com.top_logic.layout.processor.TestLayoutInline/test-D2-template.xml"/>
	</dialogs>
</include>