<?xml version="1.0" encoding="utf-8" ?>

<template>
	<params>
		<param name="p1"/>
		<param name="p2"
			value="${outer}"
		/>
	</params>

	<component class="A"
		p1="${p1}"
		p2="${p2}"
	/>	
</template>