<?xml version="1.0" encoding="utf-8" ?>

<component class="D">
	<childList>
		<include name="test.com.top_logic.layout.processor.TestLayoutInline/b-fragment.xml"
			componentName="b3"
		/>
	</childList>
</component>