<?xml version="1.0" encoding="utf-8" ?>

<include name="test.com.top_logic.layout.processor.TestLayoutInline/test-E1-template.xml"
	p1="x"
	p2="y"
	p3="z"
/>