<?xml version="1.0" encoding="utf-8" ?>

<include name="test.com.top_logic.layout.processor.TestLayoutInline/test-Z-fail71-template.xml"
	p1="x"
	p2="x-#{p3}"
	p3="y-#{p2}"
/>
