<?xml version="1.0" encoding="utf-8" ?>

<component class="A">
	<py>line 1
line 2
line 3</py>
</component>
