<?xml version="1.0" encoding="utf-8" ?>

<component class="B"
	name="b1"
>
	<childList>
		<component class="C"
			name="c1"
		/>
		<component class="C"
			name="c2"
		/>
		<component class="C"
			name="c3"
		/>
		<component class="C"
			name="c4"
		/>
	</childList>
</component>