<?xml version="1.0" encoding="utf-8" ?>

<component class="A">
	<dialogs>
		<component class="B"/>
	</dialogs>
</component>