<?xml version="1.0" encoding="utf-8" ?>

<include name="test.com.top_logic.layout.processor.TestLayoutInline/test-51-template.xml"
	param1="x-#{param2}"
	param2="arg2"
	param3="z-#{param2}"
>
	<param4>
		<component class="B"
			conf1="b-#{param1}"
			conf2="b-#{param2}"
			conf3="b-#{param3}"
		/>
	</param4>

	<inject>
		<component class="C"
			conf1="c-#{param1}"
			conf2="c-#{param2}"
			conf3="c-#{param3}"
		/>
	</inject>
</include>