<?xml version="1.0" encoding="utf-8" ?>

<include name="test.com.top_logic.layout.processor.TestLayoutInline/test-61-template.xml"
	param1="x-#{param2}"
	param2="y-#{inner1}"
	param3="z-#{param2}"
>
	<param4>
		<component class="B"
			conf1="#{param1}"
			conf2="#{param2}"
			conf3="#{param3}"
		/>
	</param4>

	<inject>
		<component class="C"
			conf1="#{param1}"
			conf2="#{param2}"
			conf3="#{param3}"
		/>
	</inject>
</include>