<?xml version="1.0" encoding="utf-8" ?>

<component class="A">
	<py class="X">
		<modelBuilder class="Y"/>
		
		<value>Z</value>
	</py>
</component>
