<?xml version="1.0" encoding="utf-8" ?>

<template>
	<params>
		<param name="outer"
			value="zzz"
		/>
	</params>
	
	<include name="test.com.top_logic.layout.processor.TestLayoutInline/test-Z-fail51-template.xml"
		p1="x"
	/>
</template>