<?xml version="1.0" encoding="utf-8"?>


<application xmlns:config="http://www.top-logic.com/ns/config/6.0">
	<services>
		<config service-class="com.top_logic.basic.sql.ConnectionPoolRegistry">
			<instance>
				<pools>
					<pool name="mysql" class="test.com.top_logic.basic.sql.TestingConnectionPool">
						<read-pool>
							<maxActive>40</maxActive>
							<whenExhaustedAction>block</whenExhaustedAction>
							<maxWait>5000</maxWait>
						</read-pool>
						<data-source class="com.top_logic.basic.sql.LoggingDataSourceFactory">
							<jndi-name></jndi-name>
							<driver-class>com.mysql.cj.jdbc.MysqlConnectionPoolDataSource</driver-class>
							<options>
								<option name="URL" value="jdbc:mysql://%MYSQL_HOST%:%MYSQL_PORT%/%MYSQL_SCHEMA%" />
								<option name="user" value="%MYSQL_USER%" />
								<encrypted-option name="password" value="%MYSQL_PASSWD%" />
								
								<option name="characterEncoding" value="utf-8" />
								<option name="characterSetResults" value="utf-8" />
								
								<!-- 
									Can not use useServerPrepStmts because in this case the dates are not correctly 
									translated from the system time zone to the server time zone.
								-->
								<option name="useServerPrepStmts" value="false" />
								<option name="useLegacyDatetimeCode" value="false" />
							</options>
						</data-source>
					</pool>
					<pool name="testUnitMysql" class="test.com.top_logic.basic.sql.TestingConnectionPool">
						<read-pool>
							<maxActive>10</maxActive>
							<whenExhaustedAction>block</whenExhaustedAction>
							<maxWait>5000</maxWait>
						</read-pool>
						<write-pool />
						<data-source class="com.top_logic.basic.sql.LoggingDataSourceFactory">
							<driver-class>com.mysql.cj.jdbc.MysqlConnectionPoolDataSource</driver-class>
							<options>
								<option name="URL" value="jdbc:mysql://%MYSQL_HOST%:%MYSQL_PORT%/%MYSQL_SCHEMA_TEST_UNIT%" />
								<option name="user" value="%MYSQL_USER%" />
								<encrypted-option name="password" value="%MYSQL_PASSWD%" />
								
								<option name="characterEncoding" value="utf-8" />
								<option name="characterSetResults" value="utf-8" />
								
								<!-- 
									Can not use useServerPrepStmts because in this case the dates are not correctly 
									translated from the system time zone to the server time zone.
								-->
								<option name="useServerPrepStmts" value="false" />
								<option name="useLegacyDatetimeCode" value="false" />
							</options>
						</data-source>
					</pool>
					<pool name="testMigrationMysql" class="test.com.top_logic.basic.sql.TestingConnectionPool">
						<read-pool>
							<maxActive>5</maxActive>
						</read-pool>
						<write-pool />
						<data-source class="com.top_logic.basic.sql.LoggingDataSourceFactory">
							<driver-class>com.mysql.cj.jdbc.MysqlConnectionPoolDataSource</driver-class>
							<options>
								<option name="URL" value="jdbc:mysql://%MYSQL_HOST%:%MYSQL_PORT%/%MYSQL_SCHEMA_TEST_MIGRATION%" />
								<option name="user" value="%MYSQL_USER%" />
								<encrypted-option name="password" value="%MYSQL_PASSWD%" />
								
								<option name="characterEncoding" value="utf-8" />
								<option name="characterSetResults" value="utf-8" />
								
								<!-- 
									Can not use useServerPrepStmts because in this case the dates are not correctly 
									translated from the system time zone to the server time zone.
								-->
								<option name="useServerPrepStmts" value="false" />
								<option name="useLegacyDatetimeCode" value="false" />
							</options>
						</data-source>
					</pool>
				</pools>
			</instance>
		</config>
	</services>
</application>
