<?xml version="1.0" encoding="utf-8"?>
<configuration xmlns:xsi="http://www.w3.org/2001/XMLSchema-instance" xsi:noNamespaceSchemaLocation="customconfig.xsd">
    <components>
        <ConfigCustomizations>
            <Settings>
                <NodeValue Component="test-4" Value="v1new" XPath="/r[1]/a[1]/v[1]"/>
                <NodeValue Component="test-4" Value="v2new" XPath="/r[1]/a[1]/v[2]"/>
                <NodeValue Component="test-4" Value="v3new" XPath="/r[1]/a[1]/v[3]"/>
                <NodeValue Component="test-4" Value="v4new" XPath="/r[1]/a[1]/v[4]"/>
                <AttributeSet Component="test-4" Name="name" Value="v4a" XPath="/r[1]/a[1]/v[4]"/>
            </Settings>
        </ConfigCustomizations>
    </components>
</configuration>
