<?xml version="1.0" encoding="utf-8"?>
<configuration xmlns:xsi="http://www.w3.org/2001/XMLSchema-instance" xsi:noNamespaceSchemaLocation="customconfig.xsd">
    <components>
        <ConfigCustomizations>
            <Settings>
                <AttributeSet Component="test-I" Name="a2" Value="a2" XPath="/r[1]/b[1]/v[1]"/>
            </Settings>
        </ConfigCustomizations>
    </components>
</configuration>
