<?xml version="1.0" encoding="utf-8"?>
<configuration xmlns:xsi="http://www.w3.org/2001/XMLSchema-instance" xsi:noNamespaceSchemaLocation="customconfig.xsd">
    <components>
        <ConfigCustomizations>
            <Settings>
                <NodeAdd Component="test-5" XPath="/r[1]/a[1]">
                    <v/>
                </NodeAdd>
                <NodeAdd BeforeXPath="/r[1]/a[1]/v[4]" Component="test-5" XPath="/r[1]/a[1]">
                    <v>v4value</v>
                </NodeAdd>
            </Settings>
        </ConfigCustomizations>
    </components>
</configuration>
