<?xml version="1.0" encoding="utf-8"?>
<configuration xmlns:xsi="http://www.w3.org/2001/XMLSchema-instance" xsi:noNamespaceSchemaLocation="customconfig.xsd">
    <components>
        <ConfigCustomizations>
            <Settings>
                <NodeAdd Component="test-C" XPath="/r[1]/a[1]">
                    <v name="x1"/>
                </NodeAdd>
                <NodeAdd Component="test-C" XPath="/r[1]/a[1]">
                    <v name="x2"/>
                </NodeAdd>
                <NodeAdd Component="test-C" XPath="/r[1]/a[1]">
                    <v name="x3"/>
                </NodeAdd>
                <NodeAdd Component="test-C" XPath="/r[1]/a[1]">
                    <v name="x4"/>
                </NodeAdd>
            </Settings>
        </ConfigCustomizations>
    </components>
</configuration>
