<?xml version="1.0" encoding="utf-8"?>
<configuration xmlns:xsi="http://www.w3.org/2001/XMLSchema-instance" xsi:noNamespaceSchemaLocation="customconfig.xsd">
    <components>
        <ConfigCustomizations>
            <Settings>
                <NodeAdd BeforeXPath="/r[1]/a[1]/v[1]" Component="test-E" XPath="/r[1]/a[1]">
                    <x name="x4"/>
                </NodeAdd>
                <NodeAdd BeforeXPath="/r[1]/a[1]/x[1]" Component="test-E" XPath="/r[1]/a[1]">
                    <x name="x3"/>
                </NodeAdd>
                <NodeAdd BeforeXPath="/r[1]/a[1]/x[1]" Component="test-E" XPath="/r[1]/a[1]">
                    <x name="x2"/>
                </NodeAdd>
                <NodeAdd BeforeXPath="/r[1]/a[1]/x[1]" Component="test-E" XPath="/r[1]/a[1]">
                    <x name="x1"/>
                </NodeAdd>
            </Settings>
        </ConfigCustomizations>
    </components>
</configuration>
