<?xml version="1.0" encoding="utf-8"?>
<configuration xmlns:xsi="http://www.w3.org/2001/XMLSchema-instance" xsi:noNamespaceSchemaLocation="customconfig.xsd">
    <components>
        <ConfigCustomizations>
            <Settings>
                <NodeAdd Component="test-9" XPath="/r/a[1]/v[2]">v2value</NodeAdd>
            </Settings>
        </ConfigCustomizations>
    </components>
</configuration>
