<?xml version="1.0" encoding="utf-8"?>
<configuration xmlns:xsi="http://www.w3.org/2001/XMLSchema-instance" xsi:noNamespaceSchemaLocation="customconfig.xsd">
    <components>
        <ConfigCustomizations>
            <Settings>
                <NodeValue Component="test-9" Value="v2value" XPath="/r[1]/a[1]/v[2]"/>
            </Settings>
        </ConfigCustomizations>
    </components>
</configuration>
