<?xml version="1.0" encoding="utf-8"?>

<r>
	<a>
		<v name="v4"/>
		<v name="v5"/>
	</a>
	<a>
		<v name="v1"/>
		<v name="v1.5"/>
		<v name="v2"/>
		<v name="v3"/>
	</a>
</r>