<?xml version="1.0" encoding="utf-8"?>

<r>
	<a>
		<v name="v1"/>
		<v name="v2"/>
		<v name="v3"/>
		<x name="x1"/>
		<x name="x2"/>
		<x name="x3"/>
		<x name="x4"/>
	</a>
</r>