<?xml version="1.0" encoding="utf-8"?>
<configuration xmlns:xsi="http://www.w3.org/2001/XMLSchema-instance" xsi:noNamespaceSchemaLocation="customconfig.xsd">
    <components>
        <ConfigCustomizations>
            <Settings>
                <NodeDelete Component="test-6" XPath="/r/a[1]/v[2]/@name" />
            </Settings>
        </ConfigCustomizations>
    </components>
</configuration>
