<?xml version="1.0" encoding="utf-8"?>
<configuration xmlns:xsi="http://www.w3.org/2001/XMLSchema-instance" xsi:noNamespaceSchemaLocation="customconfig.xsd">
    <components>
        <ConfigCustomizations>
            <Settings>
                <NodeDelete Component="test-H" XPath="/r[1]"/>
                <NodeAdd Component="test-H" XPath="/">
                    <r/>
                </NodeAdd>
            </Settings>
        </ConfigCustomizations>
    </components>
</configuration>
