<?xml version="1.0" encoding="utf-8"?>
<configuration xmlns:xsi="http://www.w3.org/2001/XMLSchema-instance" xsi:noNamespaceSchemaLocation="customconfig.xsd">
    <components>
        <ConfigCustomizations>
            <Settings>
                <NodeDelete Component="test-3" XPath="/r/a[1]/v[2]"/>
                <NodeAdd BeforeXPath="/r/a[1]/v[2]" Component="test-3" XPath="/r/a[1]">
                    <v/>
                </NodeAdd>
                <AttributeSet Component="test-3" Name="a0" Value="v0" XPath="/r/a"/>
                <AttributeSet Component="test-3" Name="a1a" Value="v1a" XPath="/r/a[1]/v[1]"/>
                <AttributeSet Component="test-3" Name="a1b" Value="v1b" XPath="/r/a[1]/v[1]"/>
                <AttributeSet Component="test-3" Name="a3" Value="v3" XPath="/r/a[1]/v[3]"/>
            </Settings>
        </ConfigCustomizations>
    </components>
</configuration>
