<?xml version="1.0" encoding="utf-8"?>

<r>
	<a>
		<v name="v1">v1old</v>
		<v name="v1a">v1a</v>
		<v name="v2">v2new</v>
		<v name="v3">v3new</v>
	</a>
</r>