<?xml version="1.0" encoding="utf-8"?>

<r>
	<a>
		<v name="v1">v1new</v>
		<v name="v2">v2new</v>
		<v name="v3">v3new</v>
		<v name="v4a">v4new</v>
	</a>
</r>