<?xml version="1.0" encoding="utf-8"?>
<configuration xmlns:xsi="http://www.w3.org/2001/XMLSchema-instance" xsi:noNamespaceSchemaLocation="customconfig.xsd">
    <components>
        <ConfigCustomizations>
            <Settings>
                <NodeAdd Component="test-1" XPath="/r[1]/a[1]">
                    <v name="v3.5"/>
                </NodeAdd>
                <NodeAdd BeforeXPath="/r[1]/a[1]/v[2]" Component="test-1" XPath="/r[1]/a[1]">
                    <v name="v1.5"/>
                </NodeAdd>
            </Settings>
        </ConfigCustomizations>
    </components>
</configuration>
