<?xml version="1.0" encoding="utf-8"?>
<configuration xmlns:xsi="http://www.w3.org/2001/XMLSchema-instance" xsi:noNamespaceSchemaLocation="customconfig.xsd">
    <components>
        <ConfigCustomizations>
            <Settings>
                <NodeDelete Component="test-B" XPath="/r/a[1]/v[3]"/>
                <NodeDelete Component="test-B" XPath="/r/a[1]/v[1]"/>
                <NodeAdd BeforeXPath="/r/a[1]/v[1]" Component="test-B" XPath="/r/a[1]">
                    <v name="v1">&amp;v1; &amp;lt;&amp;amp;&amp;gt;&amp;#13;&amp;#10; A&amp;#65;A</v>
                </NodeAdd>
                <NodeAdd Component="test-B" XPath="/r/a[1]">
                    <v name="v3"><![CDATA[&v1;]]> <![CDATA[&lt;&amp;&gt;&#13;&#10; A&#65;]]>A</v>
                </NodeAdd>
            </Settings>
        </ConfigCustomizations>
    </components>
</configuration>
