<?xml version="1.0" encoding="utf-8"?>

<r>
	<a>
		<v name="v1">v1value</v>
		<v name="v2">v2value</v>
		<v name="v3">v3value</v>
	</a>
</r>