<?xml version="1.0" encoding="ISO-8859-1" ?>
<web-app xmlns="http://java.sun.com/xml/ns/j2ee"
    xmlns:xsi="http://www.w3.org/2001/XMLSchema-instance"
    xsi:schemaLocation="http://java.sun.com/xml/ns/j2ee http://java.sun.com/xml/ns/j2ee/web-app_2_4.xsd"
    version="2.4">

    <filter>
        <filter-name>testFilter</filter-name>
        <filter-class>test.com.top_logic.util.filter.TestCompressionServletResponseWrapper$TestFilter</filter-class>
    </filter>

    <filter-mapping>
        <filter-name>testFilter</filter-name>
        <url-pattern>/filtered/*</url-pattern>
    </filter-mapping>

</web-app>
